<?xml version="1.0" encoding="UTF-8"?>
<TestRun id="c013ccf5-e373-4c5e-908c-417ffae4741b" name="Admin@10266A-GEN-DEV 2022-07-20 06:30:04" runUser="10266A-GEN-DEV\Admin" xmlns="http://microsoft.com/schemas/VisualStudio/TeamTest/2010">
  <TestSettings name="Local" id="63150442-023f-4362-ac0f-2805b5a9e2b5">
    <Description>These are default test settings for a local test run.</Description>
    <Deployment enabled="false" runDeploymentRoot="Admin_10266A-GEN-DEV 2022-07-20 06_30_04">
      <DeploymentItem filename="E:\Labfiles\Lab 7\Ex1\Starter\StressTest\bin\Debug\StressTest.dll" />
    </Deployment>
    <Execution>
      <TestTypeSpecific />
      <AgentRule name="Execution Agents">
      </AgentRule>
    </Execution>
  </TestSettings>
  <Times creation="2022-07-20T06:30:04.1295703-07:00" queuing="2022-07-20T06:30:04.1412890-07:00" start="2022-07-20T06:30:04.1471484-07:00" finish="2022-07-20T06:30:04.2565234-07:00" />
  <ResultSummary outcome="Completed">
    <Counters total="5" executed="5" passed="5" error="0" failed="0" timeout="0" aborted="0" inconclusive="0" passedButRunAborted="0" notRunnable="0" notExecuted="0" disconnected="0" warning="0" completed="0" inProgress="0" pending="0" />
  </ResultSummary>
  <TestDefinitions>
    <UnitTest name="PerformStressTestTest" storage="e:\labfiles\lab 7\ex1\starter\stresstest unit test project\bin\debug\module 7 unit test project.dll" id="bbdebe19-d9b1-54e0-0b83-827f9b576015">
      <Execution id="97dc99de-8148-4e16-84a6-1f6053260046" />
      <TestMethod codeBase="E:/Labfiles/Lab 7/Ex1/Starter/StressTest Unit Test Project/bin/Debug/Module 7 Unit Test Project.DLL" adapterTypeName="Microsoft.VisualStudio.TestTools.TestTypes.Unit.UnitTestAdapter, Microsoft.VisualStudio.QualityTools.Tips.UnitTest.Adapter, Version=10.0.0.0, Culture=neutral, PublicKeyToken=b03f5f7f11d50a3a" className="Module_7_Unit_Test_Project.StressTestCaseTest, Module 7 Unit Test Project, Version=1.0.0.0, Culture=neutral, PublicKeyToken=null" name="PerformStressTestTest" />
    </UnitTest>
    <UnitTest name="GetStressTestResultTest" storage="e:\labfiles\lab 7\ex1\starter\stresstest unit test project\bin\debug\module 7 unit test project.dll" id="70b9a4e8-adeb-92de-9a22-c40ce6116f91">
      <Execution id="2c914a63-dab4-4ad9-b29e-dfb95f2e13da" />
      <TestMethod codeBase="E:/Labfiles/Lab 7/Ex1/Starter/StressTest Unit Test Project/bin/Debug/Module 7 Unit Test Project.DLL" adapterTypeName="Microsoft.VisualStudio.TestTools.TestTypes.Unit.UnitTestAdapter, Microsoft.VisualStudio.QualityTools.Tips.UnitTest.Adapter, Version=10.0.0.0, Culture=neutral, PublicKeyToken=b03f5f7f11d50a3a" className="Module_7_Unit_Test_Project.StressTestCaseTest, Module 7 Unit Test Project, Version=1.0.0.0, Culture=neutral, PublicKeyToken=null" name="GetStressTestResultTest" />
    </UnitTest>
    <UnitTest name="StressTestCaseConstructorTest1" storage="e:\labfiles\lab 7\ex1\starter\stresstest unit test project\bin\debug\module 7 unit test project.dll" id="61c7c0c4-6e56-2e34-4cb3-02150288c418">
      <Execution id="dc08e070-ed85-4ac8-a7bb-2589261ec916" />
      <TestMethod codeBase="E:/Labfiles/Lab 7/Ex1/Starter/StressTest Unit Test Project/bin/Debug/Module 7 Unit Test Project.DLL" adapterTypeName="Microsoft.VisualStudio.TestTools.TestTypes.Unit.UnitTestAdapter, Microsoft.VisualStudio.QualityTools.Tips.UnitTest.Adapter, Version=10.0.0.0, Culture=neutral, PublicKeyToken=b03f5f7f11d50a3a" className="Module_7_Unit_Test_Project.StressTestCaseTest, Module 7 Unit Test Project, Version=1.0.0.0, Culture=neutral, PublicKeyToken=null" name="StressTestCaseConstructorTest1" />
    </UnitTest>
    <UnitTest name="StressTestCaseConstructorTest" storage="e:\labfiles\lab 7\ex1\starter\stresstest unit test project\bin\debug\module 7 unit test project.dll" id="4b5ca72b-c0e0-3aa2-217a-dcdd00acddfd">
      <Execution id="41461829-fda8-4849-a33b-f3fe2873444f" />
      <TestMethod codeBase="E:/Labfiles/Lab 7/Ex1/Starter/StressTest Unit Test Project/bin/Debug/Module 7 Unit Test Project.DLL" adapterTypeName="Microsoft.VisualStudio.TestTools.TestTypes.Unit.UnitTestAdapter, Microsoft.VisualStudio.QualityTools.Tips.UnitTest.Adapter, Version=10.0.0.0, Culture=neutral, PublicKeyToken=b03f5f7f11d50a3a" className="Module_7_Unit_Test_Project.StressTestCaseTest, Module 7 Unit Test Project, Version=1.0.0.0, Culture=neutral, PublicKeyToken=null" name="StressTestCaseConstructorTest" />
    </UnitTest>
    <UnitTest name="ToStringTest" storage="e:\labfiles\lab 7\ex1\starter\stresstest unit test project\bin\debug\module 7 unit test project.dll" id="1c2d0dcc-1bcf-b45e-8838-454d0c31bbcd">
      <Execution id="a4877558-48b8-4963-bad5-7686de7f8722" />
      <TestMethod codeBase="E:/Labfiles/Lab 7/Ex1/Starter/StressTest Unit Test Project/bin/Debug/Module 7 Unit Test Project.DLL" adapterTypeName="Microsoft.VisualStudio.TestTools.TestTypes.Unit.UnitTestAdapter, Microsoft.VisualStudio.QualityTools.Tips.UnitTest.Adapter, Version=10.0.0.0, Culture=neutral, PublicKeyToken=b03f5f7f11d50a3a" className="Module_7_Unit_Test_Project.StressTestCaseTest, Module 7 Unit Test Project, Version=1.0.0.0, Culture=neutral, PublicKeyToken=null" name="ToStringTest" />
    </UnitTest>
  </TestDefinitions>
  <TestLists>
    <TestList name="Results Not in a List" id="8c84fa94-04c1-424b-9868-57a2d4851a1d" />
    <TestList name="All Loaded Results" id="19431567-8539-422a-85d7-44ee4e166bda" />
  </TestLists>
  <TestEntries>
    <TestEntry testId="1c2d0dcc-1bcf-b45e-8838-454d0c31bbcd" executionId="a4877558-48b8-4963-bad5-7686de7f8722" testListId="8c84fa94-04c1-424b-9868-57a2d4851a1d" />
    <TestEntry testId="4b5ca72b-c0e0-3aa2-217a-dcdd00acddfd" executionId="41461829-fda8-4849-a33b-f3fe2873444f" testListId="8c84fa94-04c1-424b-9868-57a2d4851a1d" />
    <TestEntry testId="61c7c0c4-6e56-2e34-4cb3-02150288c418" executionId="dc08e070-ed85-4ac8-a7bb-2589261ec916" testListId="8c84fa94-04c1-424b-9868-57a2d4851a1d" />
    <TestEntry testId="70b9a4e8-adeb-92de-9a22-c40ce6116f91" executionId="2c914a63-dab4-4ad9-b29e-dfb95f2e13da" testListId="8c84fa94-04c1-424b-9868-57a2d4851a1d" />
    <TestEntry testId="bbdebe19-d9b1-54e0-0b83-827f9b576015" executionId="97dc99de-8148-4e16-84a6-1f6053260046" testListId="8c84fa94-04c1-424b-9868-57a2d4851a1d" />
  </TestEntries>
  <Results>
    <UnitTestResult executionId="a4877558-48b8-4963-bad5-7686de7f8722" testId="1c2d0dcc-1bcf-b45e-8838-454d0c31bbcd" testName="ToStringTest" computerName="10266A-GEN-DEV" duration="00:00:00.0080719" startTime="2022-07-20T06:30:04.1520312-07:00" endTime="2022-07-20T06:30:04.2379687-07:00" testType="13cdc9d9-ddb5-4fa4-a97d-d965ccfc6d4b" outcome="Passed" testListId="8c84fa94-04c1-424b-9868-57a2d4851a1d" relativeResultsDirectory="a4877558-48b8-4963-bad5-7686de7f8722">
    </UnitTestResult>
    <UnitTestResult executionId="41461829-fda8-4849-a33b-f3fe2873444f" testId="4b5ca72b-c0e0-3aa2-217a-dcdd00acddfd" testName="StressTestCaseConstructorTest" computerName="10266A-GEN-DEV" duration="00:00:00.0001099" startTime="2022-07-20T06:30:04.2399218-07:00" endTime="2022-07-20T06:30:04.2418750-07:00" testType="13cdc9d9-ddb5-4fa4-a97d-d965ccfc6d4b" outcome="Passed" testListId="8c84fa94-04c1-424b-9868-57a2d4851a1d" relativeResultsDirectory="41461829-fda8-4849-a33b-f3fe2873444f">
    </UnitTestResult>
    <UnitTestResult executionId="dc08e070-ed85-4ac8-a7bb-2589261ec916" testId="61c7c0c4-6e56-2e34-4cb3-02150288c418" testName="StressTestCaseConstructorTest1" computerName="10266A-GEN-DEV" duration="00:00:00.0000883" startTime="2022-07-20T06:30:04.2418750-07:00" endTime="2022-07-20T06:30:04.2438281-07:00" testType="13cdc9d9-ddb5-4fa4-a97d-d965ccfc6d4b" outcome="Passed" testListId="8c84fa94-04c1-424b-9868-57a2d4851a1d" relativeResultsDirectory="dc08e070-ed85-4ac8-a7bb-2589261ec916">
    </UnitTestResult>
    <UnitTestResult executionId="2c914a63-dab4-4ad9-b29e-dfb95f2e13da" testId="70b9a4e8-adeb-92de-9a22-c40ce6116f91" testName="GetStressTestResultTest" computerName="10266A-GEN-DEV" duration="00:00:00.0005062" startTime="2022-07-20T06:30:04.2438281-07:00" endTime="2022-07-20T06:30:04.2457812-07:00" testType="13cdc9d9-ddb5-4fa4-a97d-d965ccfc6d4b" outcome="Passed" testListId="8c84fa94-04c1-424b-9868-57a2d4851a1d" relativeResultsDirectory="2c914a63-dab4-4ad9-b29e-dfb95f2e13da">
    </UnitTestResult>
    <UnitTestResult executionId="97dc99de-8148-4e16-84a6-1f6053260046" testId="bbdebe19-d9b1-54e0-0b83-827f9b576015" testName="PerformStressTestTest" computerName="10266A-GEN-DEV" duration="00:00:00.0001530" startTime="2022-07-20T06:30:04.2457812-07:00" endTime="2022-07-20T06:30:04.2477343-07:00" testType="13cdc9d9-ddb5-4fa4-a97d-d965ccfc6d4b" outcome="Passed" testListId="8c84fa94-04c1-424b-9868-57a2d4851a1d" relativeResultsDirectory="97dc99de-8148-4e16-84a6-1f6053260046">
    </UnitTestResult>
  </Results>
</TestRun>