<?xml version="1.0" encoding="UTF-8"?>
<TestRun id="4342b2dd-6df8-428a-adea-851619929d45" name="Admin@10266A-GEN-DEV 2022-07-19 04:55:21" runUser="10266A-GEN-DEV\Admin" xmlns="http://microsoft.com/schemas/VisualStudio/TeamTest/2010">
  <TestSettings name="Local" id="55165748-9e94-4696-9de5-0a1ffee3b9ae">
    <Description>These are default test settings for a local test run.</Description>
    <Deployment enabled="false" runDeploymentRoot="Admin_10266A-GEN-DEV 2022-07-19 04_55_21">
      <DeploymentItem filename="E:\Labfiles\Lab 3\Ex1\Starter\GreatestCommonDivisor\bin\Debug\Module3.exe" />
    </Deployment>
    <Execution>
      <TestTypeSpecific />
      <AgentRule name="Execution Agents">
      </AgentRule>
    </Execution>
  </TestSettings>
  <Times creation="2022-07-19T04:55:21.9664843-07:00" queuing="2022-07-19T04:55:22.2301562-07:00" start="2022-07-19T04:55:22.2643359-07:00" finish="2022-07-19T04:55:22.4039843-07:00" />
  <ResultSummary outcome="Warning">
    <Counters total="1" executed="1" passed="1" error="0" failed="0" timeout="0" aborted="0" inconclusive="0" passedButRunAborted="0" notRunnable="0" notExecuted="0" disconnected="0" warning="0" completed="0" inProgress="0" pending="0" />
    <RunInfos>
      <RunInfo computerName="10266A-GEN-DEV" outcome="Warning" timestamp="2022-07-19T04:55:22.0680468-07:00">
        <Text>Deployment is currently disabled. The deployment item 'Module3.exe' on test 'GCD_Test_Project.MainWindow_GCDAlgorithmsTest.FindGCDEuclidTest' was not deployed.</Text>
      </RunInfo>
    </RunInfos>
  </ResultSummary>
  <TestDefinitions>
    <UnitTest name="FindGCDEuclidTest" storage="e:\labfiles\lab 3\ex1\starter\gcd test project\bin\debug\gcd test project.dll" id="590635c4-5d7c-00a4-5231-770fcee75d98">
      <DeploymentItems>
        <DeploymentItem filename="Module3.exe" />
      </DeploymentItems>
      <Execution id="869dcf4d-e781-441a-95c3-260b9b4bb978" />
      <TestMethod codeBase="E:/Labfiles/Lab 3/Ex1/Starter/GCD Test Project/bin/Debug/GCD Test Project.DLL" adapterTypeName="Microsoft.VisualStudio.TestTools.TestTypes.Unit.UnitTestAdapter, Microsoft.VisualStudio.QualityTools.Tips.UnitTest.Adapter, Version=10.0.0.0, Culture=neutral, PublicKeyToken=b03f5f7f11d50a3a" className="GCD_Test_Project.MainWindow_GCDAlgorithmsTest, GCD Test Project, Version=1.0.0.0, Culture=neutral, PublicKeyToken=null" name="FindGCDEuclidTest" />
    </UnitTest>
  </TestDefinitions>
  <TestLists>
    <TestList name="Results Not in a List" id="8c84fa94-04c1-424b-9868-57a2d4851a1d" />
    <TestList name="All Loaded Results" id="19431567-8539-422a-85d7-44ee4e166bda" />
  </TestLists>
  <TestEntries>
    <TestEntry testId="590635c4-5d7c-00a4-5231-770fcee75d98" executionId="869dcf4d-e781-441a-95c3-260b9b4bb978" testListId="8c84fa94-04c1-424b-9868-57a2d4851a1d" />
  </TestEntries>
  <Results>
    <UnitTestResult executionId="869dcf4d-e781-441a-95c3-260b9b4bb978" testId="590635c4-5d7c-00a4-5231-770fcee75d98" testName="FindGCDEuclidTest" computerName="10266A-GEN-DEV" duration="00:00:00.0132140" startTime="2022-07-19T04:55:22.2741015-07:00" endTime="2022-07-19T04:55:22.3903125-07:00" testType="13cdc9d9-ddb5-4fa4-a97d-d965ccfc6d4b" outcome="Passed" testListId="8c84fa94-04c1-424b-9868-57a2d4851a1d" relativeResultsDirectory="869dcf4d-e781-441a-95c3-260b9b4bb978">
    </UnitTestResult>
  </Results>
</TestRun>