<?xml version="1.0" encoding="UTF-8"?>
<TestRun id="ad02934d-8ee8-4269-bdde-3c16fbc16880" name="Admin@10266A-GEN-DEV 2022-07-19 05:13:28" runUser="10266A-GEN-DEV\Admin" xmlns="http://microsoft.com/schemas/VisualStudio/TeamTest/2010">
  <TestSettings name="Local" id="0708a396-de10-4a2d-a413-145187a6972c">
    <Description>These are default test settings for a local test run.</Description>
    <Deployment enabled="false" runDeploymentRoot="Admin_10266A-GEN-DEV 2022-07-19 05_13_28">
      <DeploymentItem filename="E:\Labfiles\Lab 3\Ex2\Starter\GreatestCommonDivisor\bin\Debug\Module3.exe" />
    </Deployment>
    <Execution>
      <TestTypeSpecific />
      <AgentRule name="Execution Agents">
      </AgentRule>
    </Execution>
  </TestSettings>
  <Times creation="2022-07-19T05:13:28.7340625-07:00" queuing="2022-07-19T05:13:28.9547656-07:00" start="2022-07-19T05:13:28.9752734-07:00" finish="2022-07-19T05:13:29.1032031-07:00" />
  <ResultSummary outcome="Completed">
    <Counters total="4" executed="4" passed="4" error="0" failed="0" timeout="0" aborted="0" inconclusive="0" passedButRunAborted="0" notRunnable="0" notExecuted="0" disconnected="0" warning="0" completed="0" inProgress="0" pending="0" />
  </ResultSummary>
  <TestDefinitions>
    <UnitTest name="FindGCDEuclidTest2" storage="e:\labfiles\lab 3\ex2\starter\gcd test project\bin\debug\gcd test project.dll" id="d3a316a8-be00-b285-d7d4-78e834fb9d25">
      <Execution id="a7416a86-ba38-4b6a-b697-7eec5c4fecb5" />
      <TestMethod codeBase="E:/Labfiles/Lab 3/Ex2/Starter/GCD Test Project/bin/Debug/GCD Test Project.DLL" adapterTypeName="Microsoft.VisualStudio.TestTools.TestTypes.Unit.UnitTestAdapter, Microsoft.VisualStudio.QualityTools.Tips.UnitTest.Adapter, Version=10.0.0.0, Culture=neutral, PublicKeyToken=b03f5f7f11d50a3a" className="GCD_Test_Project.GCDAlgorithmsTest, GCD Test Project, Version=1.0.0.0, Culture=neutral, PublicKeyToken=null" name="FindGCDEuclidTest2" />
    </UnitTest>
    <UnitTest name="FindGCDEuclidTest" storage="e:\labfiles\lab 3\ex2\starter\gcd test project\bin\debug\gcd test project.dll" id="67d06ec2-a81d-a48a-4bd7-d6a5d20f3438">
      <Execution id="b79a4407-a1b5-4eb2-8a23-e5a9f7adeca7" />
      <TestMethod codeBase="E:/Labfiles/Lab 3/Ex2/Starter/GCD Test Project/bin/Debug/GCD Test Project.DLL" adapterTypeName="Microsoft.VisualStudio.TestTools.TestTypes.Unit.UnitTestAdapter, Microsoft.VisualStudio.QualityTools.Tips.UnitTest.Adapter, Version=10.0.0.0, Culture=neutral, PublicKeyToken=b03f5f7f11d50a3a" className="GCD_Test_Project.GCDAlgorithmsTest, GCD Test Project, Version=1.0.0.0, Culture=neutral, PublicKeyToken=null" name="FindGCDEuclidTest" />
    </UnitTest>
    <UnitTest name="FindGCDEuclidTest1" storage="e:\labfiles\lab 3\ex2\starter\gcd test project\bin\debug\gcd test project.dll" id="1ed9e01c-9dc1-b22e-6f78-723d9cad00a5">
      <Execution id="3ff404f8-3f8a-4820-b356-0bc6527bfa6d" />
      <TestMethod codeBase="E:/Labfiles/Lab 3/Ex2/Starter/GCD Test Project/bin/Debug/GCD Test Project.DLL" adapterTypeName="Microsoft.VisualStudio.TestTools.TestTypes.Unit.UnitTestAdapter, Microsoft.VisualStudio.QualityTools.Tips.UnitTest.Adapter, Version=10.0.0.0, Culture=neutral, PublicKeyToken=b03f5f7f11d50a3a" className="GCD_Test_Project.GCDAlgorithmsTest, GCD Test Project, Version=1.0.0.0, Culture=neutral, PublicKeyToken=null" name="FindGCDEuclidTest1" />
    </UnitTest>
    <UnitTest name="FindGCDEuclidTest3" storage="e:\labfiles\lab 3\ex2\starter\gcd test project\bin\debug\gcd test project.dll" id="4d58124e-6cc2-cca7-419a-b8f9803a35a5">
      <Execution id="0e14f43b-c594-4f44-8a68-ca3dce027098" />
      <TestMethod codeBase="E:/Labfiles/Lab 3/Ex2/Starter/GCD Test Project/bin/Debug/GCD Test Project.DLL" adapterTypeName="Microsoft.VisualStudio.TestTools.TestTypes.Unit.UnitTestAdapter, Microsoft.VisualStudio.QualityTools.Tips.UnitTest.Adapter, Version=10.0.0.0, Culture=neutral, PublicKeyToken=b03f5f7f11d50a3a" className="GCD_Test_Project.GCDAlgorithmsTest, GCD Test Project, Version=1.0.0.0, Culture=neutral, PublicKeyToken=null" name="FindGCDEuclidTest3" />
    </UnitTest>
  </TestDefinitions>
  <TestLists>
    <TestList name="Results Not in a List" id="8c84fa94-04c1-424b-9868-57a2d4851a1d" />
    <TestList name="All Loaded Results" id="19431567-8539-422a-85d7-44ee4e166bda" />
  </TestLists>
  <TestEntries>
    <TestEntry testId="1ed9e01c-9dc1-b22e-6f78-723d9cad00a5" executionId="3ff404f8-3f8a-4820-b356-0bc6527bfa6d" testListId="8c84fa94-04c1-424b-9868-57a2d4851a1d" />
    <TestEntry testId="4d58124e-6cc2-cca7-419a-b8f9803a35a5" executionId="0e14f43b-c594-4f44-8a68-ca3dce027098" testListId="8c84fa94-04c1-424b-9868-57a2d4851a1d" />
    <TestEntry testId="67d06ec2-a81d-a48a-4bd7-d6a5d20f3438" executionId="b79a4407-a1b5-4eb2-8a23-e5a9f7adeca7" testListId="8c84fa94-04c1-424b-9868-57a2d4851a1d" />
    <TestEntry testId="d3a316a8-be00-b285-d7d4-78e834fb9d25" executionId="a7416a86-ba38-4b6a-b697-7eec5c4fecb5" testListId="8c84fa94-04c1-424b-9868-57a2d4851a1d" />
  </TestEntries>
  <Results>
    <UnitTestResult executionId="3ff404f8-3f8a-4820-b356-0bc6527bfa6d" testId="1ed9e01c-9dc1-b22e-6f78-723d9cad00a5" testName="FindGCDEuclidTest1" computerName="10266A-GEN-DEV" duration="00:00:00.0085418" startTime="2022-07-19T05:13:28.9782031-07:00" endTime="2022-07-19T05:13:29.0787890-07:00" testType="13cdc9d9-ddb5-4fa4-a97d-d965ccfc6d4b" outcome="Passed" testListId="8c84fa94-04c1-424b-9868-57a2d4851a1d" relativeResultsDirectory="3ff404f8-3f8a-4820-b356-0bc6527bfa6d">
    </UnitTestResult>
    <UnitTestResult executionId="0e14f43b-c594-4f44-8a68-ca3dce027098" testId="4d58124e-6cc2-cca7-419a-b8f9803a35a5" testName="FindGCDEuclidTest3" computerName="10266A-GEN-DEV" duration="00:00:00.0001770" startTime="2022-07-19T05:13:29.0787890-07:00" endTime="2022-07-19T05:13:29.0797656-07:00" testType="13cdc9d9-ddb5-4fa4-a97d-d965ccfc6d4b" outcome="Passed" testListId="8c84fa94-04c1-424b-9868-57a2d4851a1d" relativeResultsDirectory="0e14f43b-c594-4f44-8a68-ca3dce027098">
    </UnitTestResult>
    <UnitTestResult executionId="b79a4407-a1b5-4eb2-8a23-e5a9f7adeca7" testId="67d06ec2-a81d-a48a-4bd7-d6a5d20f3438" testName="FindGCDEuclidTest" computerName="10266A-GEN-DEV" duration="00:00:00.0000744" startTime="2022-07-19T05:13:29.0797656-07:00" endTime="2022-07-19T05:13:29.0817187-07:00" testType="13cdc9d9-ddb5-4fa4-a97d-d965ccfc6d4b" outcome="Passed" testListId="8c84fa94-04c1-424b-9868-57a2d4851a1d" relativeResultsDirectory="b79a4407-a1b5-4eb2-8a23-e5a9f7adeca7">
    </UnitTestResult>
    <UnitTestResult executionId="a7416a86-ba38-4b6a-b697-7eec5c4fecb5" testId="d3a316a8-be00-b285-d7d4-78e834fb9d25" testName="FindGCDEuclidTest2" computerName="10266A-GEN-DEV" duration="00:00:00.0000795" startTime="2022-07-19T05:13:29.0817187-07:00" endTime="2022-07-19T05:13:29.0836718-07:00" testType="13cdc9d9-ddb5-4fa4-a97d-d965ccfc6d4b" outcome="Passed" testListId="8c84fa94-04c1-424b-9868-57a2d4851a1d" relativeResultsDirectory="a7416a86-ba38-4b6a-b697-7eec5c4fecb5">
    </UnitTestResult>
  </Results>
</TestRun>